<?xml version="1.0" encoding="UTF-8"?>
<!-- Generated by org.testng.reporters.JUnitReportReporter -->
<testsuite hostname="Gauravs-MacBook-Air.local" failures="0" tests="1" name="com.inetbanking.testCases.JustTest" time="4.112" errors="0" timestamp="2025-06-26T20:27:56 IST" skipped="0">
  <testcase classname="com.inetbanking.testCases.JustTest" name="Test" time="4.112"/>
</testsuite> <!-- com.inetbanking.testCases.JustTest -->
