<?xml version="1.0" encoding="UTF-8"?>
<!-- Generated by org.testng.reporters.JUnitReportReporter -->
<testsuite hostname="Gauravs-MacBook-Air.local" failures="0" tests="1" name="com.inetbanking.testCases.TC_LoginTest_001" time="0.163" errors="0" timestamp="2025-06-28T10:42:30 IST" skipped="0">
  <testcase classname="com.inetbanking.testCases.TC_LoginTest_001" name="loginTest" time="0.163"/>
</testsuite> <!-- com.inetbanking.testCases.TC_LoginTest_001 -->
