<?xml version="1.0" encoding="UTF-8"?>
<!-- Generated by org.testng.reporters.JUnitReportReporter -->
<testsuite hostname="Gauravs-MacBook-Air.local" failures="0" tests="1" name="com.inetbanking.testCases.dsfa" time="5.113" errors="0" timestamp="2025-06-27T21:47:48 IST" skipped="0">
  <testcase classname="com.inetbanking.testCases.dsfa" name="test" time="5.113"/>
</testsuite> <!-- com.inetbanking.testCases.dsfa -->
